<?xml version="1.0" encoding="utf-8"?><testsuites><testsuite name="pytest" errors="0" failures="0" skipped="0" tests="7" time="0.532" timestamp="2026-05-03T03:52:11.167508+03:00" hostname="DESKTOP-218MJS3"><testcase classname="tests.test_api_rbac" name="test_healthcheck_returns_ok" time="0.061" /><testcase classname="tests.test_api_rbac" name="test_me_returns_current_user_from_development_headers" time="0.054" /><testcase classname="tests.test_api_rbac" name="test_viewer_cannot_create_tasks" time="0.055" /><testcase classname="tests.test_api_rbac" name="test_admin_can_create_update_and_delete_any_task" time="0.100" /><testcase classname="tests.test_api_rbac" name="test_developer_can_manage_only_own_tasks" time="0.103" /><testcase classname="tests.test_api_rbac" name="test_viewer_can_read_existing_tasks_but_cannot_modify_them" time="0.075" /><testcase classname="tests.test_api_rbac" name="test_task_payload_validation" time="0.057" /></testsuite></testsuites>